2025-12-23 20:08:25,761 - INFO - Directories initialized
2025-12-23 20:08:25,777 - INFO - Loaded 5 maps, 0 item templates
2025-12-23 20:11:14,932 - INFO - Saved: Voltage Converter.png
2025-12-23 20:11:20,198 - INFO - Added: Voltage Converter ū 1
2025-12-23 20:11:24,989 - INFO - Saved: Wires.png
2025-12-23 20:11:26,956 - INFO - Added: Wires ū 3
2025-12-23 20:11:37,725 - INFO - Saved: Electrical Components.png
2025-12-23 20:11:39,404 - INFO - Added: Electrical Components ū 2
2025-12-23 20:11:39,406 - INFO - Loot saved: {'Voltage Converter': 1, 'Wires': 3, 'Electrical Components': 2}
2025-12-23 20:13:22,042 - INFO - Recognized: Voltage Converter (MSE=0.000053)
2025-12-23 20:13:22,042 - INFO - Recognized: Wires (MSE=0.000179)
2025-12-23 20:13:22,061 - INFO - Saved: Voltage Converter.png
2025-12-23 20:13:51,668 - INFO - Directories initialized
2025-12-23 20:13:51,739 - INFO - Loaded 5 maps, 3 item templates
2025-12-23 20:14:13,269 - INFO - Recognized: Voltage Converter (MSE=0.000000)
2025-12-23 20:14:13,269 - INFO - Recognized: Wires (MSE=0.000179)
2025-12-23 20:14:13,273 - INFO - Saved: Voltage Converter.png
2025-12-23 20:14:17,591 - INFO - Added: Voltage Converter ū 1
2025-12-23 20:14:17,594 - INFO - Saved: Wires.png
2025-12-23 20:16:32,030 - INFO - Directories initialized
2025-12-23 20:16:32,031 - INFO - Loaded 5 maps, 0 item templates
2025-12-23 20:17:53,290 - INFO - Saved: Voltage Converter.png
2025-12-23 20:17:54,133 - INFO - Added: Voltage Converter ū 1
2025-12-23 20:17:56,433 - INFO - Saved: Wires.png
2025-12-23 20:17:57,953 - INFO - Added: Wires ū 3
2025-12-23 20:18:16,895 - INFO - Saved: Electrical Components.png
2025-12-23 20:18:18,570 - INFO - Added: Electrical Components ū 2
2025-12-23 20:18:18,571 - INFO - Loot saved: {'Voltage Converter': 1, 'Wires': 3, 'Electrical Components': 2}
2025-12-23 20:18:53,301 - INFO - Saved: Metal Brackets.png
2025-12-23 20:18:54,282 - INFO - Added: Metal Brackets ū 1
2025-12-23 20:19:01,081 - INFO - Saved: Chemicals.png
2025-12-23 20:19:04,699 - INFO - Added: Chemicals ū 6
2025-12-23 20:19:04,700 - INFO - Loot saved: {'Metal Brackets': 1, 'Chemicals': 6}
2025-12-23 20:23:17,296 - INFO - Directories initialized
2025-12-23 20:23:17,382 - INFO - Loaded 5 maps, 5 item templates
2025-12-23 20:23:47,868 - INFO - Saved: Steel Spring.png
2025-12-23 20:23:49,166 - INFO - Added: Steel Spring ū 3
2025-12-23 20:23:54,447 - INFO - Saved: Metal Parts.png
2025-12-23 20:23:57,452 - INFO - Added: Metal Parts ū 10
2025-12-23 20:23:57,453 - INFO - Loot saved: {'Steel Spring': 3, 'Metal Parts': 10}
2025-12-23 20:24:57,327 - INFO - Recognized: Wires (MSE=0.000047)
2025-12-23 20:25:06,448 - INFO - Saved: Green Light Stick Blueprint.png
2025-12-23 20:25:07,543 - INFO - Added: Green Light Stick Blueprint ū 1
2025-12-23 20:25:12,502 - INFO - Saved: Rubber Pad.png
2025-12-23 20:25:13,640 - INFO - Added: Rubber Pad ū 1
2025-12-23 20:25:13,643 - INFO - Saved: Wires.png
2025-12-23 20:25:15,690 - INFO - Added: Wires ū 1
2025-12-23 20:25:15,691 - INFO - Loot saved: {'Green Light Stick Blueprint': 1, 'Rubber Pad': 1, 'Wires': 1}
2025-12-23 20:26:26,528 - INFO - Saved: Fabric.png
2025-12-23 20:26:28,175 - INFO - Added: Fabric ū 5
2025-12-23 20:26:31,757 - INFO - Saved: Canister.png
2025-12-23 20:26:34,145 - INFO - Added: Canister ū 1
2025-12-23 20:26:44,128 - INFO - Saved: Durable Cloth.png
2025-12-23 20:26:45,453 - INFO - Added: Durable Cloth ū 3
2025-12-23 20:26:49,836 - INFO - Saved: Duct Tape.png
2025-12-23 20:26:53,246 - INFO - Added: Duct Tape ū 1
2025-12-23 20:26:53,247 - INFO - Loot saved: {'Fabric': 5, 'Canister': 1, 'Durable Cloth': 3, 'Duct Tape': 1}
2025-12-23 20:28:22,719 - INFO - Recognized: Wires (MSE=0.001476)
2025-12-23 20:28:22,720 - INFO - Recognized: Chemicals (MSE=0.000043)
2025-12-23 20:28:22,738 - INFO - Saved: Wires.png
2025-12-23 20:28:25,888 - INFO - Added: Wires ū 1
2025-12-23 20:28:25,890 - INFO - Saved: Chemicals.png
2025-12-23 20:28:27,721 - INFO - Added: Chemicals ū 6
2025-12-23 20:28:27,723 - INFO - Loot saved: {'Wires': 1, 'Chemicals': 6}
2025-12-23 20:30:53,387 - INFO - Saved: Battery.png
2025-12-23 20:30:56,568 - INFO - Added: Battery ū 3
2025-12-23 20:30:56,570 - INFO - Loot saved: {'Battery': 3}
2025-12-23 20:32:26,826 - INFO - Recognized: Voltage Converter (MSE=0.000016)
2025-12-23 20:32:26,827 - INFO - Recognized: Electrical Components (MSE=0.000113)
2025-12-23 20:32:26,829 - INFO - Recognized: Metal Parts (MSE=0.000144)
2025-12-23 20:32:26,831 - INFO - Saved: Voltage Converter.png
2025-12-23 20:32:29,796 - INFO - Added: Voltage Converter ū 1
2025-12-23 20:32:29,799 - INFO - Saved: Electrical Components.png
2025-12-23 20:32:30,918 - INFO - Added: Electrical Components ū 1
2025-12-23 20:32:30,941 - INFO - Saved: Metal Parts.png
2025-12-23 20:32:33,684 - INFO - Added: Metal Parts ū 9
2025-12-23 20:32:33,686 - INFO - Loot saved: {'Voltage Converter': 1, 'Electrical Components': 1, 'Metal Parts': 9}
2025-12-23 20:32:59,923 - INFO - Recognized: Wires (MSE=0.001184)
2025-12-23 20:33:08,033 - INFO - Saved: Plastic Parts.png
2025-12-23 20:33:10,518 - INFO - Added: Plastic Parts ū 5
2025-12-23 20:33:10,531 - INFO - Saved: Wires.png
2025-12-23 20:33:11,538 - INFO - Added: Wires ū 1
2025-12-23 20:33:11,539 - INFO - Loot saved: {'Plastic Parts': 5, 'Wires': 1}
2025-12-23 20:33:33,997 - INFO - Recognized: Plastic Parts (MSE=0.000051)
2025-12-23 20:33:33,999 - INFO - Recognized: Wires (MSE=0.000017)
2025-12-23 20:33:34,016 - INFO - Saved: Plastic Parts.png
2025-12-23 20:33:37,661 - INFO - Added: Plastic Parts ū 5
2025-12-23 20:33:37,673 - INFO - Saved: Wires.png
2025-12-23 20:33:38,379 - INFO - Added: Wires ū 1
2025-12-23 20:33:38,380 - INFO - Loot saved: {'Plastic Parts': 5, 'Wires': 1}
2025-12-23 20:35:03,859 - INFO - Recognized: Plastic Parts (MSE=0.001304)
2025-12-23 20:35:16,320 - INFO - Saved: Fried Motherboard.png
2025-12-23 20:35:16,967 - INFO - Added: Fried Motherboard ū 1
2025-12-23 20:35:16,979 - INFO - Saved: Plastic Parts.png
2025-12-23 20:35:19,592 - INFO - Added: Plastic Parts ū 5
2025-12-23 20:35:23,492 - INFO - Saved: Sensors.png
2025-12-23 20:35:25,119 - INFO - Added: Sensors ū 1
2025-12-23 20:35:25,120 - INFO - Loot saved: {'Fried Motherboard': 1, 'Plastic Parts': 5, 'Sensors': 1}
2025-12-23 20:35:41,771 - INFO - Recognized: Plastic Parts (MSE=0.001286)
2025-12-23 20:35:41,773 - INFO - Recognized: Sensors (MSE=0.000064)
2025-12-23 20:35:41,788 - INFO - Saved: Plastic Parts.png
2025-12-23 20:35:45,938 - INFO - Added: Plastic Parts ū 5
2025-12-23 20:35:51,921 - INFO - Saved: Cooling Fan.png
2025-12-23 20:35:53,123 - INFO - Added: Cooling Fan ū 1
2025-12-23 20:35:53,136 - INFO - Saved: Sensors.png
2025-12-23 20:35:54,254 - INFO - Added: Sensors ū 1
2025-12-23 20:35:54,255 - INFO - Loot saved: {'Plastic Parts': 5, 'Cooling Fan': 1, 'Sensors': 1}
2025-12-24 09:32:07,984 - INFO - Database initialized
2025-12-24 09:32:08,049 - INFO - Loaded 18 templates
2025-12-24 09:32:08,049 - INFO - Configuration loaded successfully
2025-12-24 09:32:08,187 - INFO - Application started
2025-12-24 09:42:44,311 - INFO - Database initialized
2025-12-24 09:42:44,312 - INFO - Loaded 0 templates
2025-12-24 09:42:44,312 - INFO - Calculated max rows: 7
2025-12-24 09:42:44,312 - INFO - Grid Calculator initialized for 2560x1440
2025-12-24 09:42:44,312 - INFO - Cell: 119x91, H-Gap: 19, V-Gap: 48
2025-12-24 09:42:44,366 - INFO - Configuration loaded successfully
2025-12-24 09:42:44,706 - INFO - Application started
2025-12-24 09:43:12,392 - INFO - Cell 0: (215,398) to (334,489) - shape (91, 119, 3)
2025-12-24 09:43:12,392 - INFO - Cell 1: (353,398) to (472,489) - shape (91, 119, 3)
2025-12-24 09:43:12,392 - INFO - Cell 2: (491,398) to (610,489) - shape (91, 119, 3)
2025-12-24 09:43:12,392 - INFO - Cell 3: (629,398) to (748,489) - shape (91, 119, 3)
2025-12-24 09:43:12,392 - INFO - Cell 4: (215,537) to (334,628) - shape (91, 119, 3)
2025-12-24 09:43:12,392 - INFO - Cell 5: (353,537) to (472,628) - shape (91, 119, 3)
2025-12-24 09:43:12,392 - INFO - Cell 6: (491,537) to (610,628) - shape (91, 119, 3)
2025-12-24 09:43:12,393 - INFO - Cell 7: (629,537) to (748,628) - shape (91, 119, 3)
2025-12-24 09:43:12,393 - INFO - Cell 8: (215,676) to (334,767) - shape (91, 119, 3)
2025-12-24 09:43:12,394 - INFO - Cell 9: (353,676) to (472,767) - shape (91, 119, 3)
2025-12-24 09:43:42,912 - INFO - Saved template: light ammo
2025-12-24 09:43:42,913 - INFO - Added: light ammo x100
2025-12-24 09:43:42,914 - INFO - Recognized: light ammo (MSE=0.000085)
2025-12-24 09:43:48,889 - INFO - Saved template: light ammo
2025-12-24 09:43:48,889 - INFO - Added: light ammo x100
2025-12-24 09:43:56,776 - INFO - Saved template: medium ammo
2025-12-24 09:43:56,776 - INFO - Added: medium ammo x1
2025-12-24 09:44:11,751 - INFO - Saved template: medium ammo
2025-12-24 09:44:11,751 - INFO - Added: medium ammo x1
2025-12-24 09:44:19,499 - INFO - Saved template: heavy ammo
2025-12-24 09:44:19,500 - INFO - Added: heavy ammo x1
2025-12-24 09:44:19,500 - INFO - Recognized: heavy ammo (MSE=0.000075)
2025-12-24 09:44:21,490 - INFO - Saved template: heavy ammo
2025-12-24 09:44:21,490 - INFO - Added: heavy ammo x1
2025-12-24 09:44:42,364 - INFO - Saved template: shotgun ammo
2025-12-24 09:44:42,364 - INFO - Added: shotgun ammo x1
2025-12-24 09:45:22,832 - INFO - Session 1 saved with 4 items
2025-12-24 09:50:22,902 - INFO - Database initialized
2025-12-24 09:50:22,940 - INFO - Loaded 4 templates
2025-12-24 09:50:22,940 - INFO - Grid Calculator initialized for 2560x1440
2025-12-24 09:50:22,941 - INFO - Cell: 119x91, Max rows: 7
2025-12-24 09:50:22,942 - INFO - Configuration loaded successfully
2025-12-24 09:50:22,974 - INFO - Application started
2025-12-24 09:50:29,748 - INFO - Database initialized
2025-12-24 09:50:29,748 - INFO - Loaded 0 templates
2025-12-24 09:50:29,748 - INFO - Grid Calculator initialized for 2560x1440
2025-12-24 09:50:29,748 - INFO - Cell: 119x91, Max rows: 7
2025-12-24 09:50:29,751 - INFO - Configuration loaded successfully
2025-12-24 09:50:29,791 - INFO - Application started
2025-12-24 09:50:43,391 - INFO - Cell 0: (215,398) to (334,489) - shape (91, 119, 3)
2025-12-24 09:50:43,391 - INFO - Cell 1: (353,398) to (472,489) - shape (91, 119, 3)
2025-12-24 09:50:43,391 - INFO - Cell 2: (492,398) to (611,489) - shape (91, 119, 3)
2025-12-24 09:50:43,391 - INFO - Cell 3: (631,398) to (750,489) - shape (91, 119, 3)
2025-12-24 09:50:43,391 - INFO - Cell 4: (215,537) to (334,628) - shape (91, 119, 3)
2025-12-24 09:50:43,392 - INFO - Cell 5: (353,537) to (472,628) - shape (91, 119, 3)
2025-12-24 09:50:43,392 - INFO - Cell 6: (492,537) to (611,628) - shape (91, 119, 3)
2025-12-24 09:50:43,392 - INFO - Cell 7: (631,537) to (750,628) - shape (91, 119, 3)
2025-12-24 09:50:43,392 - INFO - Cell 8: (215,676) to (334,767) - shape (91, 119, 3)
2025-12-24 09:50:43,392 - INFO - Cell 9: (353,676) to (472,767) - shape (91, 119, 3)
2025-12-24 09:50:53,170 - INFO - Saved template: light ammo
2025-12-24 09:50:53,171 - INFO - Added: light ammo x100
2025-12-24 09:50:53,171 - INFO - Recognized: light ammo (MSE=0.000085)
2025-12-24 09:50:54,683 - INFO - Saved template: light ammo
2025-12-24 09:50:54,683 - INFO - Added: light ammo x1
2025-12-24 09:51:09,162 - INFO - Saved template: medium ammo
2025-12-24 09:51:09,162 - INFO - Added: medium ammo x1
2025-12-24 09:51:09,162 - INFO - Recognized: medium ammo (MSE=0.000145)
2025-12-24 09:51:10,405 - INFO - Saved template: medium ammo
2025-12-24 09:51:10,405 - INFO - Added: medium ammo x1
2025-12-24 09:51:15,177 - INFO - Saved template: heavy ammo
2025-12-24 09:51:15,177 - INFO - Added: heavy ammo x1
2025-12-24 09:51:15,177 - INFO - Recognized: heavy ammo (MSE=0.000075)
2025-12-24 09:51:15,708 - INFO - Saved template: heavy ammo
2025-12-24 09:51:15,708 - INFO - Added: heavy ammo x1
2025-12-24 09:51:30,737 - INFO - Saved template: shotgun ammo
2025-12-24 09:51:30,737 - INFO - Added: shotgun ammo x1
2025-12-24 09:51:30,738 - INFO - Recognized: shotgun ammo (MSE=0.000104)
2025-12-24 09:51:31,413 - INFO - Saved template: shotgun ammo
2025-12-24 09:51:31,413 - INFO - Added: shotgun ammo x1
2025-12-24 09:51:38,638 - INFO - Saved template: energy clip
2025-12-24 09:51:38,638 - INFO - Added: energy clip x1
2025-12-24 09:51:38,639 - INFO - Recognized: energy clip (MSE=0.000069)
2025-12-24 09:51:40,164 - INFO - Saved template: energy clip
2025-12-24 09:51:40,164 - INFO - Added: energy clip x1
2025-12-24 09:51:40,175 - INFO - Session 2 saved with 5 items
2025-12-24 09:56:52,091 - INFO - Session 1 deleted
2025-12-24 09:56:53,576 - INFO - Session 2 deleted
2025-12-25 19:08:01,405 - INFO - Database initialized
2025-12-25 19:08:01,443 - INFO - Loaded 5 templates
2025-12-25 19:08:01,443 - INFO - Grid Calculator initialized for 2560x1440
2025-12-25 19:08:01,443 - INFO - Cell: 119x91, Max rows: 7
2025-12-25 19:08:01,467 - INFO - Configuration loaded successfully
2025-12-25 19:08:01,597 - INFO - Application started
2025-12-25 19:10:57,092 - INFO - Database initialized
2025-12-25 19:10:57,102 - INFO - Loaded 5 templates
2025-12-25 19:10:57,102 - INFO - Grid Calculator initialized for 2560x1440
2025-12-25 19:10:57,102 - INFO - Cell: 119x91, Max rows: 7
2025-12-25 19:10:57,103 - INFO - Configuration loaded successfully
2025-12-25 19:10:57,128 - INFO - Application started
2025-12-25 19:32:55,149 - INFO - Database initialized
2025-12-25 19:32:55,159 - INFO - Loaded 5 templates
2025-12-25 19:32:55,160 - INFO - Grid Calculator initialized for 2560x1440
2025-12-25 19:32:55,160 - INFO - Cell: 119x91, Max rows: 7
2025-12-25 19:32:55,161 - INFO - Configuration loaded successfully
2025-12-25 19:33:15,669 - INFO - Database initialized
2025-12-25 19:33:15,678 - INFO - Loaded 5 templates
2025-12-25 19:33:15,678 - INFO - Grid Calculator initialized for 2560x1440
2025-12-25 19:33:15,678 - INFO - Cell: 119x91, Max rows: 7
2025-12-25 19:33:15,681 - INFO - Configuration loaded successfully
2025-12-25 19:33:20,396 - INFO - Database initialized
2025-12-25 19:33:20,396 - INFO - Loaded 5 templates
2025-12-25 19:33:20,396 - INFO - Grid Calculator initialized for 2560x1440
2025-12-25 19:33:20,396 - INFO - Cell: 119x91, Max rows: 7
2025-12-25 19:33:20,396 - INFO - Configuration loaded successfully
2025-12-25 19:34:21,341 - INFO - Database initialized
2025-12-25 19:34:21,351 - INFO - Loaded 5 templates
2025-12-25 19:34:21,351 - INFO - Grid Calculator initialized for 2560x1440
2025-12-25 19:34:21,351 - INFO - Cell: 119x91, Max rows: 7
2025-12-25 19:34:21,353 - INFO - Configuration loaded successfully
2025-12-25 19:34:53,737 - INFO - Database initialized
2025-12-25 19:34:53,748 - INFO - Loaded 5 templates
2025-12-25 19:34:53,748 - INFO - Grid Calculator initialized for 2560x1440
2025-12-25 19:34:53,748 - INFO - Cell: 119x91, Max rows: 7
2025-12-25 19:34:53,749 - INFO - Configuration loaded successfully
2025-12-25 19:35:14,631 - INFO - Database initialized
2025-12-25 19:35:14,641 - INFO - Loaded 5 templates
2025-12-25 19:35:14,641 - INFO - Grid Calculator initialized for 2560x1440
2025-12-25 19:35:14,641 - INFO - Cell: 119x91, Max rows: 7
2025-12-25 19:35:14,641 - INFO - Grid validation passed [OK] (all 5 samples match)
2025-12-25 19:35:14,642 - INFO - Configuration loaded successfully
2025-12-25 19:35:27,023 - INFO - Database initialized
2025-12-25 19:35:27,032 - INFO - Loaded 5 templates
2025-12-25 19:35:27,033 - INFO - Grid Calculator initialized for 2560x1440
2025-12-25 19:35:27,033 - INFO - Cell: 119x91, Max rows: 7
2025-12-25 19:35:27,033 - INFO - Grid validation passed [OK] (all 5 samples match)
2025-12-25 19:35:27,033 - INFO - Configuration loaded successfully
2025-12-25 19:35:27,067 - INFO - Application started
